SEL$3 WEB_SALES->DATE_DIM: WEB_SALES[WEB_SALES];DATE_DIM[DATE_DIM]: 37.008887
SEL$4 CATALOG_SALES->DATE_DIM: CATALOG_SALES[CATALOG_SALES];DATE_DIM[DATE_DIM]: 69.016573
SEL$2 DATE_DIM->STORE_SALES: DATE_DIM[DATE_DIM];STORE_SALES[SS]: 4.01762
SEL$1 CUSTOMER_ADDRESS->CUSTOMER->CUSTOMER_DEMOGRAPHICS: CUSTOMER_ADDRESS[CA];CUSTOMER[C]: 6345.959784
SEL$1 CUSTOMER_ADDRESS->CUSTOMER->CUSTOMER_DEMOGRAPHICS: CUSTOMER_ADDRESS[CA];CUSTOMER[C];CUSTOMER_DEMOGRAPHICS[CUSTOMER_DEMOGRAPHICS]: 4699.376962
SEL$3 WEB_SALES->DATE_DIM: WEB_SALES[WEB_SALES];DATE_DIM[DATE_DIM]: 37.008887
SEL$3 WEB_SALES->DATE_DIM: WEB_SALES[WEB_SALES];DATE_DIM[DATE_DIM]: 2.00048
SEL$3 DATE_DIM->WEB_SALES: DATE_DIM[DATE_DIM];WEB_SALES[WEB_SALES]: 207.488011
SEL$4 CATALOG_SALES->DATE_DIM: CATALOG_SALES[CATALOG_SALES];DATE_DIM[DATE_DIM]: 69.016573
SEL$4 CATALOG_SALES->DATE_DIM: CATALOG_SALES[CATALOG_SALES];DATE_DIM[DATE_DIM]: 3.00072
SEL$4 DATE_DIM->CATALOG_SALES: DATE_DIM[DATE_DIM];CATALOG_SALES[CATALOG_SALES]: 139.32904
SEL$2 DATE_DIM->STORE_SALES: DATE_DIM[DATE_DIM];STORE_SALES[SS]: 4.01762
SEL$2 DATE_DIM->STORE_SALES: DATE_DIM[DATE_DIM];STORE_SALES[SS]: 6.001147
SEL$2 STORE_SALES->DATE_DIM: STORE_SALES[SS];DATE_DIM[DATE_DIM]: 139.033387
SEL$2 STORE_SALES->DATE_DIM: STORE_SALES[SS];DATE_DIM[DATE_DIM]: 3.00072
SEL$1 CUSTOMER_ADDRESS->CUSTOMER->CUSTOMER_DEMOGRAPHICS: CUSTOMER_ADDRESS[CA];CUSTOMER[C]: 6345.959784
SEL$1 CUSTOMER_ADDRESS->CUSTOMER->CUSTOMER_DEMOGRAPHICS: CUSTOMER_ADDRESS[CA];CUSTOMER[C];CUSTOMER_DEMOGRAPHICS[CUSTOMER_DEMOGRAPHICS]: 4699.376962
SEL$1 CUSTOMER->CUSTOMER_ADDRESS->CUSTOMER_DEMOGRAPHICS: CUSTOMER[C];CUSTOMER_ADDRESS[CA]: 3582.649816
SEL$3 WEB_SALES->DATE_DIM: WEB_SALES[WEB_SALES];DATE_DIM[DATE_DIM]: 37.008887
SEL$4 CATALOG_SALES->DATE_DIM: CATALOG_SALES[CATALOG_SALES];DATE_DIM[DATE_DIM]: 69.016573
SEL$2 DATE_DIM->STORE_SALES: DATE_DIM[DATE_DIM];STORE_SALES[SS]: 4.01762
SEL$9AE0327A CUSTOMER_ADDRESS->CUSTOMER_DEMOGRAPHICS: CUSTOMER_ADDRESS[CA];CUSTOMER_DEMOGRAPHICS[CUSTOMER_DEMOGRAPHICS]: 65838557.4311
SEL$B7DF437B CUSTOMER->VW_GBF_1: CUSTOMER[C];VW_GBF_1[VW_GBF_1]: 79377299.6278
SEL$9AE0327A CUSTOMER_ADDRESS->CUSTOMER_DEMOGRAPHICS: CUSTOMER_ADDRESS[CA];CUSTOMER_DEMOGRAPHICS[CUSTOMER_DEMOGRAPHICS]: 65838557.4311
SEL$B7DF437B CUSTOMER->VW_GBF_1: CUSTOMER[C];VW_GBF_1[VW_GBF_1]: 145219436.923
SEL$3 WEB_SALES->DATE_DIM: WEB_SALES[WEB_SALES];DATE_DIM[DATE_DIM]: 37.008887
SEL$4 CATALOG_SALES->DATE_DIM: CATALOG_SALES[CATALOG_SALES];DATE_DIM[DATE_DIM]: 69.016573
SEL$2 DATE_DIM->STORE_SALES: DATE_DIM[DATE_DIM];STORE_SALES[SS]: 4.01762
SEL$D869EBF0 CUSTOMER_ADDRESS->CUSTOMER_DEMOGRAPHICS: CUSTOMER_ADDRESS[CA];CUSTOMER_DEMOGRAPHICS[CUSTOMER_DEMOGRAPHICS]: 65838557.4311
SEL$F7BA66FC VW_GBC_2->VW_GBF_3: VW_GBC_2[VW_GBC_2];VW_GBF_3[VW_GBF_3]: 6432.183936
SEL$D869EBF0 CUSTOMER_ADDRESS->CUSTOMER_DEMOGRAPHICS: CUSTOMER_ADDRESS[CA];CUSTOMER_DEMOGRAPHICS[CUSTOMER_DEMOGRAPHICS]: 65838557.4311
SEL$F7BA66FC VW_GBC_2->VW_GBF_3: VW_GBC_2[VW_GBC_2];VW_GBF_3[VW_GBF_3]: 79782030.1567
SEL$3 WEB_SALES->DATE_DIM: WEB_SALES[WEB_SALES];DATE_DIM[DATE_DIM]: 37.008887
SEL$4 CATALOG_SALES->DATE_DIM: CATALOG_SALES[CATALOG_SALES];DATE_DIM[DATE_DIM]: 69.016573
SEL$2 DATE_DIM->STORE_SALES: DATE_DIM[DATE_DIM];STORE_SALES[SS]: 4.01762
SEL$DC996EF9 CUSTOMER->CUSTOMER_DEMOGRAPHICS: CUSTOMER[C];CUSTOMER_DEMOGRAPHICS[CUSTOMER_DEMOGRAPHICS]: 30358.804596
SEL$B154D144 VW_GBF_4->CUSTOMER_ADDRESS: VW_GBF_4[VW_GBF_4];CUSTOMER_ADDRESS[CA]: 3.000427
SEL$DC996EF9 CUSTOMER->CUSTOMER_DEMOGRAPHICS: CUSTOMER[C];CUSTOMER_DEMOGRAPHICS[CUSTOMER_DEMOGRAPHICS]: 30358.804596
SEL$B154D144 VW_GBF_4->CUSTOMER_ADDRESS: VW_GBF_4[VW_GBF_4];CUSTOMER_ADDRESS[CA]: 13957881.0956
SEL$3 WEB_SALES->DATE_DIM: WEB_SALES[WEB_SALES];DATE_DIM[DATE_DIM]: 37.008887
SEL$4 CATALOG_SALES->DATE_DIM: CATALOG_SALES[CATALOG_SALES];DATE_DIM[DATE_DIM]: 69.016573
SEL$2 DATE_DIM->STORE_SALES: DATE_DIM[DATE_DIM];STORE_SALES[SS]: 4.01762
SEL$5084BC99 CUSTOMER_ADDRESS->CUSTOMER->VW_GBF_7: CUSTOMER_ADDRESS[CA];CUSTOMER[C]: 6345.959784
SEL$5084BC99 CUSTOMER_ADDRESS->CUSTOMER->VW_GBF_7: CUSTOMER_ADDRESS[CA];CUSTOMER[C];VW_GBF_7[VW_GBF_7]: 5.986205
SEL$5084BC99 CUSTOMER_ADDRESS->CUSTOMER->VW_GBF_7: CUSTOMER_ADDRESS[CA];CUSTOMER[C]: 6345.959784
SEL$5084BC99 CUSTOMER_ADDRESS->CUSTOMER->VW_GBF_7: CUSTOMER_ADDRESS[CA];CUSTOMER[C];VW_GBF_7[VW_GBF_7]: 4699.376962
SEL$5084BC99 CUSTOMER->CUSTOMER_ADDRESS->VW_GBF_7: CUSTOMER[C];CUSTOMER_ADDRESS[CA]: 3582.649816
SEL$3 WEB_SALES->DATE_DIM: WEB_SALES[WEB_SALES];DATE_DIM[DATE_DIM]: 37.008887
SEL$4 CATALOG_SALES->DATE_DIM: CATALOG_SALES[CATALOG_SALES];DATE_DIM[DATE_DIM]: 69.016573
SEL$2 DATE_DIM->STORE_SALES: DATE_DIM[DATE_DIM];STORE_SALES[SS]: 4.01762
SEL$ACBFB8CC CUSTOMER_ADDRESS->CUSTOMER: CUSTOMER_ADDRESS[CA];CUSTOMER[C]: 6347.001062
SEL$FBA97E11 VW_GBC_8->VW_GBF_9: VW_GBC_8[VW_GBC_8];VW_GBF_9[VW_GBF_9]: 5.933076
SEL$ACBFB8CC CUSTOMER_ADDRESS->CUSTOMER: CUSTOMER_ADDRESS[CA];CUSTOMER[C]: 6347.001062
SEL$FBA97E11 VW_GBC_8->VW_GBF_9: VW_GBC_8[VW_GBC_8];VW_GBF_9[VW_GBF_9]: 34698.137864
SEL$3 WEB_SALES->DATE_DIM: WEB_SALES[WEB_SALES];DATE_DIM[DATE_DIM]: 37.008887
SEL$4 CATALOG_SALES->DATE_DIM: CATALOG_SALES[CATALOG_SALES];DATE_DIM[DATE_DIM]: 69.016573
SEL$2 DATE_DIM->STORE_SALES: DATE_DIM[DATE_DIM];STORE_SALES[SS]: 4.01762
SEL$ACBFB8CC CUSTOMER_ADDRESS->CUSTOMER: CUSTOMER_ADDRESS[CA];CUSTOMER[C]: 6347.001062
SEL$DAF89EE2 VW_GBF_10->CUSTOMER_DEMOGRAPHICS: VW_GBF_10[VW_GBF_10];CUSTOMER_DEMOGRAPHICS[CUSTOMER_DEMOGRAPHICS]: 3.000421
SEL$DAF89EE2 VW_GBF_10->CUSTOMER_DEMOGRAPHICS: VW_GBF_10[VW_GBF_10];CUSTOMER_DEMOGRAPHICS[CUSTOMER_DEMOGRAPHICS]: 30001.814453
SEL$3 WEB_SALES->DATE_DIM: WEB_SALES[WEB_SALES];DATE_DIM[DATE_DIM]: 37.008887
SEL$4 CATALOG_SALES->DATE_DIM: CATALOG_SALES[CATALOG_SALES];DATE_DIM[DATE_DIM]: 69.016573
SEL$2 DATE_DIM->STORE_SALES: DATE_DIM[DATE_DIM];STORE_SALES[SS]: 4.01762
SEL$5A0F6FA7 CUSTOMER_ADDRESS->CUSTOMER: CUSTOMER_ADDRESS[CA];CUSTOMER[C]: 6347.001062
SEL$67C23549 VW_GBF_12->VW_GBC_11: VW_GBF_12[VW_GBF_12];VW_GBC_11[VW_GBC_11]: 5.933076
SEL$5A0F6FA7 CUSTOMER_ADDRESS->CUSTOMER: CUSTOMER_ADDRESS[CA];CUSTOMER[C]: 6347.001062
SEL$67C23549 VW_GBF_12->VW_GBC_11: VW_GBF_12[VW_GBF_12];VW_GBC_11[VW_GBC_11]: 34698.137864
SEL$3 WEB_SALES->DATE_DIM: WEB_SALES[WEB_SALES];DATE_DIM[DATE_DIM]: 37.008887
SEL$4 CATALOG_SALES->DATE_DIM: CATALOG_SALES[CATALOG_SALES];DATE_DIM[DATE_DIM]: 69.016573
SEL$2 DATE_DIM->STORE_SALES: DATE_DIM[DATE_DIM];STORE_SALES[SS]: 4.01762
SEL$56FBA5F4 VW_GBF_16->CUSTOMER_ADDRESS->CUSTOMER_DEMOGRAPHICS: VW_GBF_16[VW_GBF_16];CUSTOMER_ADDRESS[CA]: 2.000427
SEL$56FBA5F4 VW_GBF_16->CUSTOMER_ADDRESS->CUSTOMER_DEMOGRAPHICS: VW_GBF_16[VW_GBF_16];CUSTOMER_ADDRESS[CA];CUSTOMER_DEMOGRAPHICS[CUSTOMER_DEMOGRAPHICS]: 3.000421
SEL$56FBA5F4 VW_GBF_16->CUSTOMER_ADDRESS->CUSTOMER_DEMOGRAPHICS: VW_GBF_16[VW_GBF_16];CUSTOMER_ADDRESS[CA]: 13933462.6777
SEL$56FBA5F4 VW_GBF_16->CUSTOMER_ADDRESS->CUSTOMER_DEMOGRAPHICS: VW_GBF_16[VW_GBF_16];CUSTOMER_ADDRESS[CA];CUSTOMER_DEMOGRAPHICS[CUSTOMER_DEMOGRAPHICS]: 3.00042100064
SEL$56FBA5F4 VW_GBF_16->CUSTOMER_DEMOGRAPHICS->CUSTOMER_ADDRESS: VW_GBF_16[VW_GBF_16];CUSTOMER_DEMOGRAPHICS[CUSTOMER_DEMOGRAPHICS]: 13933462.6777
SEL$56FBA5F4 VW_GBF_16->CUSTOMER_DEMOGRAPHICS->CUSTOMER_ADDRESS: VW_GBF_16[VW_GBF_16];CUSTOMER_DEMOGRAPHICS[CUSTOMER_DEMOGRAPHICS];CUSTOMER_ADDRESS[CA]: 3.00042700022
SEL$56FBA5F4 CUSTOMER_ADDRESS->CUSTOMER_DEMOGRAPHICS->VW_GBF_16: CUSTOMER_ADDRESS[CA];CUSTOMER_DEMOGRAPHICS[CUSTOMER_DEMOGRAPHICS]: 6136286.10994
SEL$3 WEB_SALES->DATE_DIM: WEB_SALES[WEB_SALES];DATE_DIM[DATE_DIM]: 37.008887
SEL$4 CATALOG_SALES->DATE_DIM: CATALOG_SALES[CATALOG_SALES];DATE_DIM[DATE_DIM]: 69.016573
SEL$2 DATE_DIM->STORE_SALES: DATE_DIM[DATE_DIM];STORE_SALES[SS]: 4.01762
SEL$ACBFB8CC CUSTOMER_ADDRESS->CUSTOMER: CUSTOMER_ADDRESS[CA];CUSTOMER[C]: 6347.001062
SEL$DAF89EE2 VW_GBF_17->CUSTOMER_DEMOGRAPHICS: VW_GBF_17[VW_GBF_17];CUSTOMER_DEMOGRAPHICS[CUSTOMER_DEMOGRAPHICS]: 3.000421
SEL$3 WEB_SALES->DATE_DIM: WEB_SALES[WEB_SALES];DATE_DIM[DATE_DIM]: 37.008887
SEL$3 WEB_SALES->DATE_DIM: WEB_SALES[WEB_SALES];DATE_DIM[DATE_DIM]: 2.00048
SEL$3 DATE_DIM->WEB_SALES: DATE_DIM[DATE_DIM];WEB_SALES[WEB_SALES]: 207.488011
SEL$4 CATALOG_SALES->DATE_DIM: CATALOG_SALES[CATALOG_SALES];DATE_DIM[DATE_DIM]: 69.016573
SEL$4 CATALOG_SALES->DATE_DIM: CATALOG_SALES[CATALOG_SALES];DATE_DIM[DATE_DIM]: 3.00072
SEL$4 DATE_DIM->CATALOG_SALES: DATE_DIM[DATE_DIM];CATALOG_SALES[CATALOG_SALES]: 139.32904
SEL$2 DATE_DIM->STORE_SALES: DATE_DIM[DATE_DIM];STORE_SALES[SS]: 4.01762
SEL$2 DATE_DIM->STORE_SALES: DATE_DIM[DATE_DIM];STORE_SALES[SS]: 6.001147
SEL$2 STORE_SALES->DATE_DIM: STORE_SALES[SS];DATE_DIM[DATE_DIM]: 139.033387
SEL$2 STORE_SALES->DATE_DIM: STORE_SALES[SS];DATE_DIM[DATE_DIM]: 3.00072
SEL$ACBFB8CC CUSTOMER_ADDRESS->CUSTOMER: CUSTOMER_ADDRESS[CA];CUSTOMER[C]: 6347.001062
SEL$DAF89EE2 VW_GBF_17->CUSTOMER_DEMOGRAPHICS: VW_GBF_17[VW_GBF_17];CUSTOMER_DEMOGRAPHICS[CUSTOMER_DEMOGRAPHICS]: 30001.814453
