DEPARTMENTS[D];EMPLOYEES[E]: 3.002294
DEPARTMENTS[D];EMPLOYEES[E];ORDERS[O]: 2.01725
DEPARTMENTS[D];EMPLOYEES[E];ORDERS[O];CUSTOMERS[C]: 5.020365
DEPARTMENTS[D];EMPLOYEES[E];ORDERS[O];CUSTOMERS[C];ORDER_ITEMS[OI]: 3.022157
DEPARTMENTS[D];EMPLOYEES[E];ORDERS[O];CUSTOMERS[C];ORDER_ITEMS[OI];PRODUCT_INFORMATION[I]: 5.021639
DEPARTMENTS[D];EMPLOYEES[E];ORDERS[O];CUSTOMERS[C];ORDER_ITEMS[OI];PRODUCT_INFORMATION[I];PRODUCT_DESCRIPTIONS[D]: 89.197148
DEPARTMENTS[D];ORDER_ITEMS[OI]: 8.041701
DEPARTMENTS[D];ORDER_ITEMS[OI];PRODUCT_INFORMATION[I]: 5.021639
DEPARTMENTS[D];ORDER_ITEMS[OI];PRODUCT_INFORMATION[I];PRODUCT_DESCRIPTIONS[D]: 87.19216
DEPARTMENTS[D];CUSTOMERS[C]: 18.084286
DEPARTMENTS[D];CUSTOMERS[C]: 13.063333
DEPARTMENTS[D];CUSTOMERS[C];PRODUCT_INFORMATION[I]: 5.021639
ORDERS[O];EMPLOYEES[E]: 3.017774
ORDERS[O];EMPLOYEES[E];DEPARTMENTS[D]: 3.016836
ORDERS[O];EMPLOYEES[E];DEPARTMENTS[D];CUSTOMERS[C]: 5.020365
ORDERS[O];EMPLOYEES[E];DEPARTMENTS[D];CUSTOMERS[C];ORDER_ITEMS[OI]: 3.022157
ORDERS[O];EMPLOYEES[E];DEPARTMENTS[D];CUSTOMERS[C];ORDER_ITEMS[OI];PRODUCT_INFORMATION[I]: 5.021639
ORDERS[O];ORDER_ITEMS[OI]: 9.056767
ORDERS[O];ORDER_ITEMS[OI];PRODUCT_INFORMATION[I]: 5.021639
ORDERS[O];ORDER_ITEMS[OI];PRODUCT_INFORMATION[I];PRODUCT_DESCRIPTIONS[D]: 87.19216
ORDERS[O];CUSTOMERS[C]: 19.099352
ORDERS[O];CUSTOMERS[C]: 14.078399
ORDERS[O];CUSTOMERS[C];PRODUCT_INFORMATION[I]: 5.021639
ORDERS[O];CUSTOMERS[C]: 8.038143
ORDERS[O];CUSTOMERS[C];DEPARTMENTS[D]: 3.016836
ORDERS[O];CUSTOMERS[C];DEPARTMENTS[D];ORDER_ITEMS[OI]: 3.022157
ORDERS[O];CUSTOMERS[C];DEPARTMENTS[D];ORDER_ITEMS[OI];PRODUCT_INFORMATION[I]: 5.021639
ORDERS[O];ORDER_ITEMS[OI]: 11.060304
ORDERS[O];ORDER_ITEMS[OI];DEPARTMENTS[D]: 3.017628
ORDERS[O];ORDER_ITEMS[OI];DEPARTMENTS[D];PRODUCT_INFORMATION[I]: 5.021639
ORDERS[O];PRODUCT_INFORMATION[I]: 16.081953
ORDERS[O];PRODUCT_INFORMATION[I];DEPARTMENTS[D]: 3.016937
ORDERS[O];PRODUCT_DESCRIPTIONS[D]: 103.274119
ORDERS[O];ORDER_ITEMS[OI]: 6.039935
ORDERS[O];ORDER_ITEMS[OI];DEPARTMENTS[D]: 3.017628
ORDERS[O];ORDER_ITEMS[OI];DEPARTMENTS[D];PRODUCT_INFORMATION[I]: 5.021639
ORDERS[O];ORDER_ITEMS[OI];DEPARTMENTS[D];PRODUCT_INFORMATION[I];PRODUCT_DESCRIPTIONS[D]: 87.192161
ORDERS[O];CUSTOMERS[C]: 19.100148
ORDERS[O];CUSTOMERS[C]: 14.079195
ORDERS[O];CUSTOMERS[C];PRODUCT_INFORMATION[I]: 5.02164
ORDERS[O];PRODUCT_INFORMATION[I]: 11.061584
ORDERS[O];PRODUCT_INFORMATION[I];DEPARTMENTS[D]: 3.016937
ORDERS[O];PRODUCT_INFORMATION[I];DEPARTMENTS[D];PRODUCT_DESCRIPTIONS[D]: 87.192161
ORDERS[O];CUSTOMERS[C]: 19.099467
ORDERS[O];PRODUCT_DESCRIPTIONS[D]: 98.253354
ORDERS[O];PRODUCT_DESCRIPTIONS[D];DEPARTMENTS[D]: 3.017186
ORDERS[O];CUSTOMERS[C]: 103.274554
ORDERS[O];CUSTOMERS[C]: 16.082348
ORDERS[O];CUSTOMERS[C];DEPARTMENTS[D]: 3.016938
ORDERS[O];PRODUCT_DESCRIPTIONS[D]: 103.274514
ORDERS[O];CUSTOMERS[C]: 11.061577
ORDERS[O];CUSTOMERS[C];DEPARTMENTS[D]: 3.017629
ORDERS[O];CUSTOMERS[C];DEPARTMENTS[D];PRODUCT_INFORMATION[I]: 5.021639
ORDERS[O];PRODUCT_INFORMATION[I]: 16.083227
ORDERS[O];PRODUCT_INFORMATION[I];DEPARTMENTS[D]: 3.016937
ORDERS[O];PRODUCT_DESCRIPTIONS[D]: 103.275392
ORDERS[O];CUSTOMERS[C]: 5.020369
ORDERS[O];CUSTOMERS[C];EMPLOYEES[E]: 3.017774
ORDERS[O];CUSTOMERS[C];EMPLOYEES[E];DEPARTMENTS[D]: 3.016836
ORDERS[O];CUSTOMERS[C];EMPLOYEES[E];DEPARTMENTS[D];ORDER_ITEMS[OI]: 3.022157
ORDERS[O];CUSTOMERS[C];EMPLOYEES[E];DEPARTMENTS[D];ORDER_ITEMS[OI];PRODUCT_INFORMATION[I]: 5.021639
ORDERS[O];ORDER_ITEMS[OI]: 11.060304
ORDERS[O];ORDER_ITEMS[OI];DEPARTMENTS[D]: 3.017628
ORDERS[O];ORDER_ITEMS[OI];DEPARTMENTS[D];PRODUCT_INFORMATION[I]: 5.021639
ORDERS[O];PRODUCT_INFORMATION[I]: 16.081953
ORDERS[O];PRODUCT_INFORMATION[I];DEPARTMENTS[D]: 3.016937
ORDERS[O];PRODUCT_DESCRIPTIONS[D]: 103.274119
ORDERS[O];ORDER_ITEMS[OI]: 8.042529
ORDERS[O];ORDER_ITEMS[OI];PRODUCT_INFORMATION[I]: 5.021649
ORDERS[O];ORDER_ITEMS[OI];PRODUCT_INFORMATION[I];EMPLOYEES[E]: 3.018086
ORDERS[O];ORDER_ITEMS[OI];PRODUCT_INFORMATION[I];EMPLOYEES[E];DEPARTMENTS[D]: 3.016937
ORDERS[O];PRODUCT_DESCRIPTIONS[D]: 103.27443
ORDERS[O];PRODUCT_DESCRIPTIONS[D]: 100.255948
ORDERS[O];PRODUCT_DESCRIPTIONS[D];EMPLOYEES[E]: 3.018334
ORDERS[O];EMPLOYEES[E]: 11.061306
ORDERS[O];EMPLOYEES[E];DEPARTMENTS[D]: 3.017628
ORDERS[O];EMPLOYEES[E];DEPARTMENTS[D];PRODUCT_INFORMATION[I]: 5.021639
ORDERS[O];PRODUCT_INFORMATION[I]: 16.082955
ORDERS[O];PRODUCT_INFORMATION[I];DEPARTMENTS[D]: 3.016937
ORDERS[O];PRODUCT_DESCRIPTIONS[D]: 103.275121
ORDERS[O];ORDER_ITEMS[OI]: 3.02216
ORDERS[O];ORDER_ITEMS[OI];PRODUCT_INFORMATION[I]: 5.021649
ORDERS[O];ORDER_ITEMS[OI];PRODUCT_INFORMATION[I];EMPLOYEES[E]: 3.018086
ORDERS[O];ORDER_ITEMS[OI];PRODUCT_INFORMATION[I];EMPLOYEES[E];DEPARTMENTS[D]: 3.016937
ORDERS[O];ORDER_ITEMS[OI];PRODUCT_INFORMATION[I];EMPLOYEES[E];DEPARTMENTS[D];PRODUCT_DESCRIPTIONS[D]: 87.192161
ORDERS[O];CUSTOMERS[C]: 19.099779
ORDERS[O];PRODUCT_DESCRIPTIONS[D]: 98.253665
ORDERS[O];PRODUCT_DESCRIPTIONS[D];DEPARTMENTS[D]: 3.017186
ORDERS[O];CUSTOMERS[C]: 103.274865
ORDERS[O];CUSTOMERS[C]: 16.08266
ORDERS[O];CUSTOMERS[C];DEPARTMENTS[D]: 3.016937
ORDERS[O];PRODUCT_DESCRIPTIONS[D]: 103.274825
ORDERS[O];PRODUCT_DESCRIPTIONS[D]: 95.235579
ORDERS[O];PRODUCT_DESCRIPTIONS[D];EMPLOYEES[E]: 3.018334
ORDERS[O];PRODUCT_DESCRIPTIONS[D];EMPLOYEES[E];DEPARTMENTS[D]: 3.017186
ORDERS[O];CUSTOMERS[C]: 103.275113
ORDERS[O];CUSTOMERS[C]: 100.256779
ORDERS[O];CUSTOMERS[C];EMPLOYEES[E]: 3.018334
ORDERS[O];CUSTOMERS[C]: 13.064574
ORDERS[O];CUSTOMERS[C];EMPLOYEES[E]: 3.018086
ORDERS[O];CUSTOMERS[C];EMPLOYEES[E];DEPARTMENTS[D]: 3.016937
ORDERS[O];PRODUCT_DESCRIPTIONS[D]: 103.274825
ORDERS[O];PRODUCT_DESCRIPTIONS[D]: 100.256344
ORDERS[O];PRODUCT_DESCRIPTIONS[D];EMPLOYEES[E]: 3.018334
ORDERS[O];EMPLOYEES[E]: 6.040937
ORDERS[O];EMPLOYEES[E];DEPARTMENTS[D]: 3.017628
ORDERS[O];EMPLOYEES[E];DEPARTMENTS[D];PRODUCT_INFORMATION[I]: 5.021639
ORDERS[O];EMPLOYEES[E];DEPARTMENTS[D];PRODUCT_INFORMATION[I];PRODUCT_DESCRIPTIONS[D]: 87.192161
ORDERS[O];CUSTOMERS[C]: 19.101151
ORDERS[O];CUSTOMERS[C]: 14.080198
ORDERS[O];CUSTOMERS[C];PRODUCT_INFORMATION[I]: 5.021639
ORDERS[O];PRODUCT_INFORMATION[I]: 11.062586
ORDERS[O];PRODUCT_INFORMATION[I];DEPARTMENTS[D]: 3.016937
ORDERS[O];PRODUCT_INFORMATION[I];DEPARTMENTS[D];PRODUCT_DESCRIPTIONS[D]: 87.192161
ORDERS[O];CUSTOMERS[C]: 19.10047
ORDERS[O];PRODUCT_DESCRIPTIONS[D]: 98.254356
ORDERS[O];PRODUCT_DESCRIPTIONS[D];DEPARTMENTS[D]: 3.017186
ORDERS[O];CUSTOMERS[C]: 103.275556
PRODUCT_INFORMATION[I];PRODUCT_DESCRIPTIONS[D]: 72.01698
PRODUCT_INFORMATION[I];PRODUCT_DESCRIPTIONS[D];ORDER_ITEMS[OI]: 3.022326
PRODUCT_INFORMATION[I];PRODUCT_DESCRIPTIONS[D];ORDER_ITEMS[OI];ORDERS[O]: 2.01797
PRODUCT_INFORMATION[I];PRODUCT_DESCRIPTIONS[D];ORDER_ITEMS[OI];ORDERS[O];EMPLOYEES[E]: 3.018334
PRODUCT_INFORMATION[I];PRODUCT_DESCRIPTIONS[D];ORDER_ITEMS[OI];ORDERS[O];EMPLOYEES[E];DEPARTMENTS[D]: 3.017185
PRODUCT_INFORMATION[I];PRODUCT_DESCRIPTIONS[D];ORDER_ITEMS[OI];ORDERS[O];EMPLOYEES[E];DEPARTMENTS[D];CUSTOMERS[C]: 7.026182
ORDERS[O];EMPLOYEES[E]: 3.017774
ORDERS[O];EMPLOYEES[E];DEPARTMENTS[D]: 3.016836
ORDERS[O];EMPLOYEES[E];DEPARTMENTS[D];CUSTOMERS[C]: 5.020365
ORDERS[O];EMPLOYEES[E];DEPARTMENTS[D];CUSTOMERS[C];ORDER_ITEMS[OI]: 3.022157
ORDERS[O];EMPLOYEES[E];DEPARTMENTS[D];CUSTOMERS[C];ORDER_ITEMS[OI];PRODUCT_INFORMATION[I]: 5.021639
EMPLOYEES[E];DEPARTMENTS[D]: 3.017073
EMPLOYEES[E];DEPARTMENTS[D];ORDERS[O]: 2.017251
EMPLOYEES[E];DEPARTMENTS[D];ORDERS[O];CUSTOMERS[C]: 5.020365
EMPLOYEES[E];DEPARTMENTS[D];ORDERS[O];CUSTOMERS[C];ORDER_ITEMS[OI]: 3.022156
EMPLOYEES[E];DEPARTMENTS[D];ORDERS[O];CUSTOMERS[C];ORDER_ITEMS[OI];PRODUCT_INFORMATION[I]: 5.021639
ORDERS[O];EMPLOYEES[E]: 3.017774
ORDERS[O];EMPLOYEES[E];DEPARTMENTS[D]: 3.016836
ORDERS[O];EMPLOYEES[E];DEPARTMENTS[D];CUSTOMERS[C]: 5.020365
ORDERS[O];EMPLOYEES[E];DEPARTMENTS[D];CUSTOMERS[C];ORDER_ITEMS[OI]: 3.022157
ORDERS[O];EMPLOYEES[E];DEPARTMENTS[D];CUSTOMERS[C];ORDER_ITEMS[OI];PRODUCT_INFORMATION[I]: 5.021639
ORDERS[O];ORDER_ITEMS[OI]: 9.056767
ORDERS[O];ORDER_ITEMS[OI];CUSTOMERS[C]: 5.021632
ORDERS[O];ORDER_ITEMS[OI];CUSTOMERS[C];PRODUCT_INFORMATION[I]: 5.021639
ORDERS[O];PRODUCT_INFORMATION[I]: 14.078406
ORDERS[O];PRODUCT_INFORMATION[I];CUSTOMERS[C]: 5.020946
ORDERS[O];CUSTOMERS[C]: 8.038143
ORDERS[O];CUSTOMERS[C];DEPARTMENTS[D]: 3.016836
ORDERS[O];CUSTOMERS[C];DEPARTMENTS[D];ORDER_ITEMS[OI]: 3.022157
ORDERS[O];CUSTOMERS[C];DEPARTMENTS[D];ORDER_ITEMS[OI];PRODUCT_INFORMATION[I]: 5.021639
ORDERS[O];ORDER_ITEMS[OI]: 11.060304
ORDERS[O];ORDER_ITEMS[OI];DEPARTMENTS[D]: 3.017628
ORDERS[O];ORDER_ITEMS[OI];DEPARTMENTS[D];PRODUCT_INFORMATION[I]: 5.021639
ORDERS[O];PRODUCT_INFORMATION[I]: 16.081953
ORDERS[O];PRODUCT_INFORMATION[I];DEPARTMENTS[D]: 3.016937
PRODUCT_INFORMATION[I];ORDER_ITEMS[OI]: 3.022168
PRODUCT_INFORMATION[I];ORDER_ITEMS[OI];ORDERS[O]: 2.017596
PRODUCT_INFORMATION[I];ORDER_ITEMS[OI];ORDERS[O];EMPLOYEES[E]: 3.018086
PRODUCT_INFORMATION[I];ORDER_ITEMS[OI];ORDERS[O];EMPLOYEES[E];DEPARTMENTS[D]: 3.016937
PRODUCT_INFORMATION[I];ORDER_ITEMS[OI];ORDERS[O];EMPLOYEES[E];DEPARTMENTS[D];CUSTOMERS[C]: 5.020946
EMPLOYEES[E];ORDERS[O]: 2.017255
EMPLOYEES[E];ORDERS[O];DEPARTMENTS[D]: 3.016836
EMPLOYEES[E];ORDERS[O];DEPARTMENTS[D];CUSTOMERS[C]: 5.020365
EMPLOYEES[E];ORDERS[O];DEPARTMENTS[D];CUSTOMERS[C];ORDER_ITEMS[OI]: 3.022156
EMPLOYEES[E];ORDERS[O];DEPARTMENTS[D];CUSTOMERS[C];ORDER_ITEMS[OI];PRODUCT_INFORMATION[I]: 5.021639
DEPARTMENTS[D];EMPLOYEES[E]: 3.002328
DEPARTMENTS[D];EMPLOYEES[E];ORDERS[O]: 2.017251
DEPARTMENTS[D];EMPLOYEES[E];ORDERS[O];CUSTOMERS[C]: 5.020365
DEPARTMENTS[D];EMPLOYEES[E];ORDERS[O];CUSTOMERS[C];ORDER_ITEMS[OI]: 3.022156
DEPARTMENTS[D];EMPLOYEES[E];ORDERS[O];CUSTOMERS[C];ORDER_ITEMS[OI];PRODUCT_INFORMATION[I]: 5.02164
DEPARTMENTS[D];ORDER_ITEMS[OI]: 8.041735
DEPARTMENTS[D];ORDER_ITEMS[OI];CUSTOMERS[C]: 5.021633
DEPARTMENTS[D];ORDER_ITEMS[OI];CUSTOMERS[C];PRODUCT_INFORMATION[I]: 5.021639
DEPARTMENTS[D];PRODUCT_INFORMATION[I]: 13.063374
DEPARTMENTS[D];PRODUCT_INFORMATION[I];CUSTOMERS[C]: 5.020947
EMPLOYEES[E];DEPARTMENTS[D]: 3.017073
EMPLOYEES[E];DEPARTMENTS[D];ORDERS[O]: 2.017251
EMPLOYEES[E];DEPARTMENTS[D];ORDERS[O];CUSTOMERS[C]: 5.020365
EMPLOYEES[E];DEPARTMENTS[D];ORDERS[O];CUSTOMERS[C];ORDER_ITEMS[OI]: 3.022156
EMPLOYEES[E];DEPARTMENTS[D];ORDERS[O];CUSTOMERS[C];ORDER_ITEMS[OI];PRODUCT_INFORMATION[I]: 5.021639
EMPLOYEES[E];ORDER_ITEMS[OI]: 8.05648
EMPLOYEES[E];ORDER_ITEMS[OI];CUSTOMERS[C]: 5.021633
EMPLOYEES[E];ORDER_ITEMS[OI];CUSTOMERS[C];PRODUCT_INFORMATION[I]: 5.021639
EMPLOYEES[E];PRODUCT_INFORMATION[I]: 13.078119
EMPLOYEES[E];PRODUCT_INFORMATION[I];CUSTOMERS[C]: 5.020947
PRODUCT_INFORMATION[I];ORDER_ITEMS[OI]: 3.022168
PRODUCT_INFORMATION[I];ORDER_ITEMS[OI];ORDERS[O]: 2.017596
PRODUCT_INFORMATION[I];ORDER_ITEMS[OI];ORDERS[O];EMPLOYEES[E]: 3.018086
PRODUCT_INFORMATION[I];ORDER_ITEMS[OI];ORDERS[O];EMPLOYEES[E];DEPARTMENTS[D]: 3.016937
PRODUCT_INFORMATION[I];ORDER_ITEMS[OI];ORDERS[O];EMPLOYEES[E];DEPARTMENTS[D];CUSTOMERS[C]: 5.020946
ORDERS[O];EMPLOYEES[E]: 3.017774
ORDERS[O];EMPLOYEES[E];DEPARTMENTS[D]: 3.016836
ORDERS[O];EMPLOYEES[E];DEPARTMENTS[D];CUSTOMERS[C]: 5.020365
ORDERS[O];EMPLOYEES[E];DEPARTMENTS[D];CUSTOMERS[C];ORDER_ITEMS[OI]: 3.022157
ORDERS[O];EMPLOYEES[E];DEPARTMENTS[D];CUSTOMERS[C];ORDER_ITEMS[OI];PRODUCT_INFORMATION[I]: 5.021639
EMPLOYEES[E];DEPARTMENTS[D]: 3.017073
EMPLOYEES[E];DEPARTMENTS[D];ORDERS[O]: 2.017251
EMPLOYEES[E];DEPARTMENTS[D];ORDERS[O];CUSTOMERS[C]: 5.020365
EMPLOYEES[E];DEPARTMENTS[D];ORDERS[O];CUSTOMERS[C];ORDER_ITEMS[OI]: 3.022156
EMPLOYEES[E];DEPARTMENTS[D];ORDERS[O];CUSTOMERS[C];ORDER_ITEMS[OI];PRODUCT_INFORMATION[I]: 5.021639
DEPARTMENTS[D];EMPLOYEES[E]: 3.002328
DEPARTMENTS[D];EMPLOYEES[E];ORDERS[O]: 2.017251
DEPARTMENTS[D];EMPLOYEES[E];ORDERS[O];ORDER_ITEMS[OI]: 3.022156
DEPARTMENTS[D];EMPLOYEES[E];ORDERS[O];ORDER_ITEMS[OI];PRODUCT_INFORMATION[I]: 5.021639
DEPARTMENTS[D];EMPLOYEES[E];ORDERS[O];ORDER_ITEMS[OI];PRODUCT_INFORMATION[I];CUSTOMERS[C]: 5.020947
DEPARTMENTS[D];CUSTOMERS[C]: 13.063368
DEPARTMENTS[D];CUSTOMERS[C];PRODUCT_INFORMATION[I]: 5.021639
DEPARTMENTS[D];CUSTOMERS[C]: 10.039944
DEPARTMENTS[D];CUSTOMERS[C];ORDER_ITEMS[OI]: 3.022156
DEPARTMENTS[D];CUSTOMERS[C];ORDER_ITEMS[OI];PRODUCT_INFORMATION[I]: 5.02164
EMPLOYEES[E];DEPARTMENTS[D]: 3.017073
EMPLOYEES[E];DEPARTMENTS[D];ORDERS[O]: 2.017251
EMPLOYEES[E];DEPARTMENTS[D];ORDERS[O];ORDER_ITEMS[OI]: 3.022156
EMPLOYEES[E];DEPARTMENTS[D];ORDERS[O];ORDER_ITEMS[OI];PRODUCT_INFORMATION[I]: 5.021639
EMPLOYEES[E];DEPARTMENTS[D];ORDERS[O];ORDER_ITEMS[OI];PRODUCT_INFORMATION[I];CUSTOMERS[C]: 5.020947
PRODUCT_INFORMATION[I];ORDER_ITEMS[OI]: 3.022168
PRODUCT_INFORMATION[I];ORDER_ITEMS[OI];ORDERS[O]: 2.017596
PRODUCT_INFORMATION[I];ORDER_ITEMS[OI];ORDERS[O];EMPLOYEES[E]: 3.018086
PRODUCT_INFORMATION[I];ORDER_ITEMS[OI];ORDERS[O];EMPLOYEES[E];DEPARTMENTS[D]: 3.016937
PRODUCT_INFORMATION[I];ORDER_ITEMS[OI];ORDERS[O];EMPLOYEES[E];DEPARTMENTS[D];CUSTOMERS[C]: 5.020946
ORDERS[O];EMPLOYEES[E]: 3.017774
ORDERS[O];EMPLOYEES[E];DEPARTMENTS[D]: 3.016836
ORDERS[O];EMPLOYEES[E];DEPARTMENTS[D];ORDER_ITEMS[OI]: 3.022157
ORDERS[O];EMPLOYEES[E];DEPARTMENTS[D];ORDER_ITEMS[OI];PRODUCT_INFORMATION[I]: 5.021639
ORDERS[O];EMPLOYEES[E];DEPARTMENTS[D];ORDER_ITEMS[OI];PRODUCT_INFORMATION[I];CUSTOMERS[C]: 5.020946
EMPLOYEES[E];DEPARTMENTS[D]: 3.017073
EMPLOYEES[E];DEPARTMENTS[D];ORDERS[O]: 2.017251
EMPLOYEES[E];DEPARTMENTS[D];ORDERS[O];ORDER_ITEMS[OI]: 3.022156
EMPLOYEES[E];DEPARTMENTS[D];ORDERS[O];ORDER_ITEMS[OI];PRODUCT_INFORMATION[I]: 5.021639
EMPLOYEES[E];DEPARTMENTS[D];ORDERS[O];ORDER_ITEMS[OI];PRODUCT_INFORMATION[I];CUSTOMERS[C]: 5.020947
